<?xml version="1.0" encoding="UTF-8"?>
<!-- Generated by org.testng.reporters.JUnitReportReporter -->
<testsuite hostname="satspc" failures="0" tests="1" name="TestTask3" time="3.860" errors="0" timestamp="2022-01-23T12:19:49 MSK" skipped="0">
  <testcase classname="TestTask3" name="testAPI" time="3.860"/>
  <system-out/>
</testsuite> <!-- TestTask3 -->
